<?xml version="1.0" encoding="utf-8" standalone="no"?>
<test-run id="2" testcasecount="0" result="Failed" label="Invalid" total="0" passed="0" failed="0" inconclusive="0" skipped="0" asserts="0" engine-version="3.7.0.0" clr-version="4.0.30319.42000" start-time="2017-10-22 20:57:47Z" end-time="2017-10-22 20:57:48Z" duration="0.728073">
  <command-line><![CDATA[nunit3-console   f:\\ve\VE-2016\\VE-Tests\\bin\\Debug\\VE-Tests.dll ]]></command-line>
  <test-suite type="Assembly" id="0-1000" name="VE-Tests.dll" fullname="f:\ve\VE-2016\VE-Tests\bin\Debug\VE-Tests.dll" runstate="NotRunnable" testcasecount="0" result="Failed" label="Invalid" site="SetUp" start-time="2017-10-22 20:57:48Z" end-time="2017-10-22 20:57:48Z" duration="0.025961" total="0" passed="0" failed="0" inconclusive="0" skipped="0" asserts="0">
    <environment framework-version="3.5.0.0" clr-version="4.0.30319.42000" os-version="Microsoft Windows NT 10.0.15063.0" platform="Win32NT" cwd="f:\ve\VE-2016\VE-Tests\bin\Debug" machine-name="DESKTOP-AOBSI6F" user="pb" user-domain="DESKTOP-AOBSI6F" culture="en-US" uiculture="en-US" os-architecture="x64" />
    <settings>
      <setting name="DisposeRunners" value="True" />
      <setting name="WorkDirectory" value="f:\ve\VE-2016\VE-Tests\bin\Debug" />
      <setting name="ImageRuntimeVersion" value="4.0.30319" />
      <setting name="ImageTargetFrameworkName" value=".NETFramework,Version=v4.7" />
      <setting name="ImageRequiresX86" value="False" />
      <setting name="ImageRequiresDefaultAppDomainAssemblyResolver" value="False" />
      <setting name="NumberOfTestWorkers" value="4" />
    </settings>
    <properties>
      <property name="_SKIPREASON" value="Has no TestFixtures" />
      <property name="_PID" value="9360" />
      <property name="_APPDOMAIN" value="domain-" />
    </properties>
    <failure>
      <message><![CDATA[Has no TestFixtures]]></message>
    </failure>
  </test-suite>
</test-run>